<?xml version="1.0" encoding="UTF-8"?>
<!-- Generated by org.testng.reporters.JUnitReportReporter -->
<testsuite hostname="moataz" failures="0" tests="15" name="testrunner.TestRunner" time="153.442" errors="1" timestamp="2022-05-09T13:25:03 EET" skipped="0">
  <testcase classname="testrunner.TestRunner" name="runScenario" time="7.471"/>
  <system-out/>
  <testcase classname="testrunner.TestRunner" name="runScenario" time="14.775"/>
  <system-out/>
  <testcase classname="testrunner.TestRunner" name="runScenario" time="9.039"/>
  <system-out/>
  <testcase classname="testrunner.TestRunner" name="runScenario" time="8.185"/>
  <system-out/>
  <testcase classname="testrunner.TestRunner" name="runScenario" time="7.522"/>
  <system-out/>
  <testcase classname="testrunner.TestRunner" name="runScenario" time="13.627">
    <error message="Expected condition failed: waiting for visibility of element located by By.cssSelector: a[class=&#039;product-name&#039;] (tried for 5 second(s) with 500 milliseconds interval)
Build info: version: &#039;4.1.3&#039;, revision: &#039;7b1ebf28ef&#039;
System info: host: &#039;MOATAZ&#039;, ip: &#039;192.168.56.1&#039;, os.name: &#039;Windows 10&#039;, os.arch: &#039;amd64&#039;, os.version: &#039;10.0&#039;, java.version: &#039;17.0.2&#039;
Driver info: org.openqa.selenium.chrome.ChromeDriver
Capabilities {acceptInsecureCerts: false, browserName: chrome, browserVersion: 101.0.4951.54, chrome: {chromedriverVersion: 101.0.4951.41 (93c720db8323..., userDataDir: C:\Users\M\AppData\Local\Te...}, goog:chromeOptions: {debuggerAddress: localhost:3872}, javascriptEnabled: true, networkConnectionEnabled: false, pageLoadStrategy: normal, platform: WINDOWS, platformName: WINDOWS, proxy: Proxy(), se:cdp: ws://localhost:3872/devtool..., se:cdpVersion: 101.0.4951.54, setWindowRect: true, strictFileInteractability: false, timeouts: {implicit: 0, pageLoad: 300000, script: 30000}, unhandledPromptBehavior: dismiss and notify, webauthn:extension:credBlob: true, webauthn:extension:largeBlob: true, webauthn:virtualAuthenticators: true}
Session ID: 605a8ab5a5a73a422d38c76b7ddfb727" type="org.openqa.selenium.TimeoutException">
      <![CDATA[org.openqa.selenium.TimeoutException: Expected condition failed: waiting for visibility of element located by By.cssSelector: a[class='product-name'] (tried for 5 second(s) with 500 milliseconds interval)
Build info: version: '4.1.3', revision: '7b1ebf28ef'
System info: host: 'MOATAZ', ip: '192.168.56.1', os.name: 'Windows 10', os.arch: 'amd64', os.version: '10.0', java.version: '17.0.2'
Driver info: org.openqa.selenium.chrome.ChromeDriver
Capabilities {acceptInsecureCerts: false, browserName: chrome, browserVersion: 101.0.4951.54, chrome: {chromedriverVersion: 101.0.4951.41 (93c720db8323..., userDataDir: C:\Users\M\AppData\Local\Te...}, goog:chromeOptions: {debuggerAddress: localhost:3872}, javascriptEnabled: true, networkConnectionEnabled: false, pageLoadStrategy: normal, platform: WINDOWS, platformName: WINDOWS, proxy: Proxy(), se:cdp: ws://localhost:3872/devtool..., se:cdpVersion: 101.0.4951.54, setWindowRect: true, strictFileInteractability: false, timeouts: {implicit: 0, pageLoad: 300000, script: 30000}, unhandledPromptBehavior: dismiss and notify, webauthn:extension:credBlob: true, webauthn:extension:largeBlob: true, webauthn:virtualAuthenticators: true}
Session ID: 605a8ab5a5a73a422d38c76b7ddfb727
at org.openqa.selenium.support.ui.WebDriverWait.timeoutException(WebDriverWait.java:87)
at org.openqa.selenium.support.ui.FluentWait.until(FluentWait.java:231)
at pages.CartPage.getProductAddedTitle(CartPage.java:32)
at step_definitions.AddToCartStepDefinition.product_added_successfully_to_the_cart(AddToCartStepDefinition.java:49)
at âœ½.Product added successfully to the cart(file:///C:/Users/M/IdeaProjects/EcommerceAppAutomationTestingProject/src/main/resources/features/F09_AddToCart.feature:15)
]]>
    </error>
  </testcase> <!-- runScenario -->
  <system-out/>
  <testcase classname="testrunner.TestRunner" name="runScenario" time="10.314"/>
  <system-out/>
  <testcase classname="testrunner.TestRunner" name="runScenario" time="8.838"/>
  <system-out/>
  <testcase classname="testrunner.TestRunner" name="runScenario" time="12.840"/>
  <system-out/>
  <testcase classname="testrunner.TestRunner" name="runScenario" time="5.611"/>
  <system-out/>
  <testcase classname="testrunner.TestRunner" name="runScenario" time="11.704"/>
  <system-out/>
  <testcase classname="testrunner.TestRunner" name="runScenario" time="9.638"/>
  <system-out/>
  <testcase classname="testrunner.TestRunner" name="runScenario" time="6.927"/>
  <system-out/>
  <testcase classname="testrunner.TestRunner" name="runScenario" time="19.475"/>
  <system-out/>
  <testcase classname="testrunner.TestRunner" name="runScenario" time="7.476"/>
  <system-out/>
</testsuite> <!-- testrunner.TestRunner -->
